<?xml version="1.0" encoding="UTF-8"?>
<testng-results ignored="0" total="1" passed="1" failed="0" skipped="0">
  <reporter-output>
  </reporter-output>
  <suite started-at="2023-07-17T20:19:54 IST" name="Default suite" finished-at="2023-07-17T20:22:36 IST" duration-ms="161857">
    <groups>
    </groups>
    <test started-at="2023-07-17T20:19:54 IST" name="Default test" finished-at="2023-07-17T20:22:36 IST" duration-ms="161857">
      <class name="vtiger.practice.CreateOrgTest">
        <test-method signature="createOrgs()[pri:0, instance:vtiger.practice.CreateOrgTest@3c407114]" started-at="2023-07-17T20:19:54 IST" name="createOrgs" finished-at="2023-07-17T20:22:35 IST" duration-ms="161690" status="PASS">
          <reporter-output>
          </reporter-output>
        </test-method> <!-- createOrgs -->
      </class> <!-- vtiger.practice.CreateOrgTest -->
    </test> <!-- Default test -->
  </suite> <!-- Default suite -->
</testng-results>
